[14-Mar-2026 00:28:19 UTC] Invalid url passed to get_utm_ready_link function
[14-Mar-2026 00:28:20 UTC] Invalid url passed to get_utm_ready_link function
[14-Mar-2026 00:29:54 UTC] Invalid url passed to get_utm_ready_link function
[14-Mar-2026 00:30:16 UTC] Invalid url passed to get_utm_ready_link function
[14-Mar-2026 00:31:09 UTC] Invalid url passed to get_utm_ready_link function
[14-Mar-2026 00:31:11 UTC] Invalid url passed to get_utm_ready_link function
[14-Mar-2026 00:32:03 UTC] Invalid url passed to get_utm_ready_link function
[14-Mar-2026 00:33:38 UTC] PHP Warning:  Undefined variable $parent_theme_name in /workspaces/ux308-assignment2/.wordpress/wp-content/mu-plugins/one-click-child-theme/templates/create_child_form.php on line 18
[14-Mar-2026 00:41:29 UTC] PHP Parse error:  syntax error, unexpected token ";", expecting ")" in /workspaces/ux308-assignment2/.wordpress/wp-content/themes/take-out-bot/functions.php on line 15
[14-Mar-2026 00:41:29 UTC] PHP Warning:  Trying to access array offset on false in /workspaces/ux308-assignment2/.wordpress/wp-includes/class-wp-recovery-mode-email-service.php on line 367
[14-Mar-2026 00:41:29 UTC] PHP Warning:  Trying to access array offset on false in /workspaces/ux308-assignment2/.wordpress/wp-includes/class-wp-recovery-mode-email-service.php on line 368
[14-Mar-2026 00:41:29 UTC] PHP Fatal error:  Uncaught Error: Call to undefined function ic_string_contains() in /workspaces/ux308-assignment2/.wordpress/wp-content/plugins/ecommerce-product-catalog/includes/tracking.php:467
Stack trace:
#0 /workspaces/ux308-assignment2/.wordpress/wp-includes/class-wp-hook.php(341): IC_EPC_Tracking->paused_plugin_report_email(Array, 'http://localhos...')
#1 /workspaces/ux308-assignment2/.wordpress/wp-includes/plugin.php(205): WP_Hook->apply_filters(Array, Array)
#2 /workspaces/ux308-assignment2/.wordpress/wp-includes/class-wp-recovery-mode-email-service.php(223): apply_filters('recovery_mode_e...', Array, 'http://localhos...')
#3 /workspaces/ux308-assignment2/.wordpress/wp-includes/class-wp-recovery-mode-email-service.php(62): WP_Recovery_Mode_Email_Service->send_recovery_mode_email(86400, Array, Array)
#4 /workspaces/ux308-assignment2/.wordpress/wp-includes/class-wp-recovery-mode.php(185): WP_Recovery_Mode_Email_Service->maybe_send_recovery_mode_email(86400, Array, Array)
#5 /workspaces/ux308-assignment2/.wordpress/wp-includes/class-wp-fatal-error-handler.php(55): WP_Recovery_Mode->handle_error(Array)
#6 [internal function]: WP_Fatal_Error_Handler->handle()
#7 {main}
  thrown in /workspaces/ux308-assignment2/.wordpress/wp-content/plugins/ecommerce-product-catalog/includes/tracking.php on line 467
[14-Mar-2026 00:42:35 UTC] PHP Parse error:  syntax error, unexpected token ";", expecting ")" in /workspaces/ux308-assignment2/.wordpress/wp-content/themes/take-out-bot/functions.php on line 15
[14-Mar-2026 00:43:30 UTC] PHP Parse error:  syntax error, unexpected token ";", expecting ")" in /workspaces/ux308-assignment2/.wordpress/wp-content/themes/take-out-bot/functions.php on line 15
[14-Mar-2026 00:44:36 UTC] PHP Parse error:  syntax error, unexpected token ";", expecting ")" in /workspaces/ux308-assignment2/.wordpress/wp-content/themes/take-out-bot/functions.php on line 15
[14-Mar-2026 00:45:29 UTC] PHP Parse error:  syntax error, unexpected token ";", expecting ")" in /workspaces/ux308-assignment2/.wordpress/wp-content/themes/take-out-bot/functions.php on line 15
[14-Mar-2026 00:45:31 UTC] PHP Parse error:  syntax error, unexpected token ";", expecting ")" in /workspaces/ux308-assignment2/.wordpress/wp-content/themes/take-out-bot/functions.php on line 15
[14-Mar-2026 00:45:39 UTC] PHP Parse error:  syntax error, unexpected token ";", expecting ")" in /workspaces/ux308-assignment2/.wordpress/wp-content/themes/take-out-bot/functions.php on line 15
[14-Mar-2026 00:46:31 UTC] PHP Parse error:  syntax error, unexpected token ";", expecting ")" in /workspaces/ux308-assignment2/.wordpress/wp-content/themes/take-out-bot/functions.php on line 15
[14-Mar-2026 00:46:59 UTC] PHP Parse error:  syntax error, unexpected token ";", expecting ")" in /workspaces/ux308-assignment2/.wordpress/wp-content/themes/take-out-bot/functions.php on line 15
[14-Mar-2026 00:47:09 UTC] PHP Parse error:  syntax error, unexpected token ";", expecting ")" in /workspaces/ux308-assignment2/.wordpress/wp-content/themes/take-out-bot/functions.php on line 15
[14-Mar-2026 00:47:19 UTC] PHP Parse error:  syntax error, unexpected token ";", expecting ")" in /workspaces/ux308-assignment2/.wordpress/wp-content/themes/take-out-bot/functions.php on line 15
[14-Mar-2026 00:47:30 UTC] PHP Parse error:  syntax error, unexpected token ";", expecting ")" in /workspaces/ux308-assignment2/.wordpress/wp-content/themes/take-out-bot/functions.php on line 15
[14-Mar-2026 00:47:31 UTC] PHP Parse error:  syntax error, unexpected token ";", expecting ")" in /workspaces/ux308-assignment2/.wordpress/wp-content/themes/take-out-bot/functions.php on line 15
[14-Mar-2026 00:48:31 UTC] PHP Parse error:  syntax error, unexpected token ";", expecting ")" in /workspaces/ux308-assignment2/.wordpress/wp-content/themes/take-out-bot/functions.php on line 15
[14-Mar-2026 00:49:27 UTC] PHP Parse error:  syntax error, unexpected token ";", expecting ")" in /workspaces/ux308-assignment2/.wordpress/wp-content/themes/take-out-bot/functions.php on line 15
[14-Mar-2026 00:49:32 UTC] PHP Parse error:  syntax error, unexpected token ";", expecting ")" in /workspaces/ux308-assignment2/.wordpress/wp-content/themes/take-out-bot/functions.php on line 15
[14-Mar-2026 00:49:37 UTC] PHP Parse error:  syntax error, unexpected token ";", expecting ")" in /workspaces/ux308-assignment2/.wordpress/wp-content/themes/take-out-bot/functions.php on line 15
[14-Mar-2026 01:48:58 UTC] Invalid url passed to get_utm_ready_link function
[14-Mar-2026 01:49:24 UTC] Invalid url passed to get_utm_ready_link function
[14-Mar-2026 01:53:31 UTC] Invalid url passed to get_utm_ready_link function
[14-Mar-2026 02:00:55 UTC] Invalid url passed to get_utm_ready_link function
[14-Mar-2026 02:04:49 UTC] Invalid url passed to get_utm_ready_link function
[14-Mar-2026 02:05:27 UTC] Invalid url passed to get_utm_ready_link function
[14-Mar-2026 02:05:27 UTC] Invalid url passed to get_utm_ready_link function
[14-Mar-2026 02:05:27 UTC] Invalid url passed to get_utm_ready_link function
[14-Mar-2026 02:05:27 UTC] Invalid url passed to get_utm_ready_link function
[14-Mar-2026 02:05:27 UTC] Invalid url passed to get_utm_ready_link function
[14-Mar-2026 02:05:27 UTC] Invalid url passed to get_utm_ready_link function
[14-Mar-2026 02:05:27 UTC] Invalid url passed to get_utm_ready_link function
[14-Mar-2026 02:05:27 UTC] Invalid url passed to get_utm_ready_link function
[14-Mar-2026 02:05:27 UTC] Invalid url passed to get_utm_ready_link function
[14-Mar-2026 02:05:27 UTC] Invalid url passed to get_utm_ready_link function
[14-Mar-2026 02:05:27 UTC] Invalid url passed to get_utm_ready_link function
[14-Mar-2026 02:05:27 UTC] Invalid url passed to get_utm_ready_link function
[14-Mar-2026 02:05:27 UTC] Invalid url passed to get_utm_ready_link function
[14-Mar-2026 02:05:27 UTC] Invalid url passed to get_utm_ready_link function
[14-Mar-2026 02:05:27 UTC] Invalid url passed to get_utm_ready_link function
[14-Mar-2026 02:05:27 UTC] Invalid url passed to get_utm_ready_link function
[14-Mar-2026 02:05:27 UTC] Invalid url passed to get_utm_ready_link function
[14-Mar-2026 02:05:27 UTC] Invalid url passed to get_utm_ready_link function
[14-Mar-2026 02:05:27 UTC] Invalid url passed to get_utm_ready_link function
[14-Mar-2026 02:05:27 UTC] Invalid url passed to get_utm_ready_link function
[14-Mar-2026 02:25:05 UTC] Invalid url passed to get_utm_ready_link function
[14-Mar-2026 02:25:30 UTC] PHP Warning:  Undefined array key "uniqueId" in /workspaces/ux308-assignment2/.wordpress/wp-content/plugins/gutena-accordion/gutena-accordion.php on line 83
[14-Mar-2026 02:25:30 UTC] PHP Warning:  Undefined array key "blockStyles" in /workspaces/ux308-assignment2/.wordpress/wp-content/plugins/gutena-accordion/gutena-accordion.php on line 84
[14-Mar-2026 02:26:01 UTC] PHP Warning:  Undefined array key "uniqueId" in /workspaces/ux308-assignment2/.wordpress/wp-content/plugins/gutena-accordion/gutena-accordion.php on line 83
[14-Mar-2026 02:26:01 UTC] PHP Warning:  Undefined array key "blockStyles" in /workspaces/ux308-assignment2/.wordpress/wp-content/plugins/gutena-accordion/gutena-accordion.php on line 84
[14-Mar-2026 02:26:01 UTC] Invalid url passed to get_utm_ready_link function
[14-Mar-2026 02:29:32 UTC] Invalid url passed to get_utm_ready_link function
[14-Mar-2026 02:30:34 UTC] PHP Warning:  Undefined array key "uniqueId" in /workspaces/ux308-assignment2/.wordpress/wp-content/plugins/gutena-accordion/gutena-accordion.php on line 83
[14-Mar-2026 02:30:34 UTC] PHP Warning:  Undefined array key "blockStyles" in /workspaces/ux308-assignment2/.wordpress/wp-content/plugins/gutena-accordion/gutena-accordion.php on line 84
[14-Mar-2026 02:31:40 UTC] Invalid url passed to get_utm_ready_link function
[14-Mar-2026 02:33:06 UTC] Invalid url passed to get_utm_ready_link function
[14-Mar-2026 02:33:35 UTC] Invalid url passed to get_utm_ready_link function
[14-Mar-2026 02:33:35 UTC] Invalid url passed to get_utm_ready_link function
[14-Mar-2026 02:33:35 UTC] Invalid url passed to get_utm_ready_link function
[14-Mar-2026 02:33:35 UTC] Invalid url passed to get_utm_ready_link function
[14-Mar-2026 02:33:35 UTC] Invalid url passed to get_utm_ready_link function
[14-Mar-2026 02:33:35 UTC] Invalid url passed to get_utm_ready_link function
[14-Mar-2026 02:33:35 UTC] Invalid url passed to get_utm_ready_link function
[14-Mar-2026 02:33:35 UTC] Invalid url passed to get_utm_ready_link function
[14-Mar-2026 02:33:35 UTC] Invalid url passed to get_utm_ready_link function
[14-Mar-2026 02:33:35 UTC] Invalid url passed to get_utm_ready_link function
[14-Mar-2026 02:33:35 UTC] Invalid url passed to get_utm_ready_link function
[14-Mar-2026 02:33:35 UTC] Invalid url passed to get_utm_ready_link function
[14-Mar-2026 02:33:35 UTC] Invalid url passed to get_utm_ready_link function
[14-Mar-2026 02:33:35 UTC] Invalid url passed to get_utm_ready_link function
[14-Mar-2026 02:33:35 UTC] Invalid url passed to get_utm_ready_link function
[14-Mar-2026 02:33:35 UTC] Invalid url passed to get_utm_ready_link function
[14-Mar-2026 02:33:35 UTC] Invalid url passed to get_utm_ready_link function
[14-Mar-2026 02:33:35 UTC] Invalid url passed to get_utm_ready_link function
[14-Mar-2026 02:33:35 UTC] Invalid url passed to get_utm_ready_link function
[14-Mar-2026 02:33:35 UTC] Invalid url passed to get_utm_ready_link function
[14-Mar-2026 02:33:42 UTC] PHP Fatal error:  Out of memory (allocated 57933824 bytes) (tried to allocate 3411968 bytes) in /workspaces/ux308-assignment2/.wordpress/wp-includes/functions.php on line 4386
[14-Mar-2026 02:33:50 UTC] PHP Fatal error:  Out of memory (allocated 50331648 bytes) (tried to allocate 1339392 bytes) in /workspaces/ux308-assignment2/.wordpress/wp-content/themes/astra/assets/svg/svgs.json on line 1
[14-Mar-2026 02:33:55 UTC] PHP Fatal error:  Out of memory (allocated 50331648 bytes) (tried to allocate 1339392 bytes) in /workspaces/ux308-assignment2/.wordpress/wp-content/themes/astra/assets/svg/svgs.json on line 1
[14-Mar-2026 02:34:15 UTC] PHP Fatal error:  Out of memory (allocated 48234496 bytes) (tried to allocate 1339392 bytes) in /workspaces/ux308-assignment2/.wordpress/wp-content/themes/astra/assets/svg/svgs.json on line 1
[14-Mar-2026 02:34:28 UTC] Invalid url passed to get_utm_ready_link function
[14-Mar-2026 02:34:28 UTC] Invalid url passed to get_utm_ready_link function
[14-Mar-2026 02:34:28 UTC] Invalid url passed to get_utm_ready_link function
[14-Mar-2026 02:34:28 UTC] Invalid url passed to get_utm_ready_link function
[14-Mar-2026 02:34:28 UTC] Invalid url passed to get_utm_ready_link function
[14-Mar-2026 02:34:28 UTC] Invalid url passed to get_utm_ready_link function
[14-Mar-2026 02:34:28 UTC] Invalid url passed to get_utm_ready_link function
[14-Mar-2026 02:34:28 UTC] Invalid url passed to get_utm_ready_link function
[14-Mar-2026 02:34:28 UTC] PHP Fatal error:  Out of memory (allocated 48234496 bytes) (tried to allocate 1339392 bytes) in /workspaces/ux308-assignment2/.wordpress/wp-content/themes/astra/assets/svg/svgs.json on line 1
[14-Mar-2026 02:34:39 UTC] Invalid url passed to get_utm_ready_link function
[14-Mar-2026 02:34:39 UTC] Invalid url passed to get_utm_ready_link function
[14-Mar-2026 02:34:39 UTC] Invalid url passed to get_utm_ready_link function
[14-Mar-2026 02:34:39 UTC] Invalid url passed to get_utm_ready_link function
[14-Mar-2026 02:34:39 UTC] Invalid url passed to get_utm_ready_link function
[14-Mar-2026 02:34:39 UTC] Invalid url passed to get_utm_ready_link function
[14-Mar-2026 02:34:39 UTC] Invalid url passed to get_utm_ready_link function
[14-Mar-2026 02:34:39 UTC] Invalid url passed to get_utm_ready_link function
[14-Mar-2026 02:34:39 UTC] PHP Fatal error:  Out of memory (allocated 48234496 bytes) (tried to allocate 1339392 bytes) in /workspaces/ux308-assignment2/.wordpress/wp-content/themes/astra/assets/svg/svgs.json on line 1
[14-Mar-2026 02:34:39 UTC] Invalid url passed to get_utm_ready_link function
[14-Mar-2026 02:34:39 UTC] Invalid url passed to get_utm_ready_link function
[14-Mar-2026 02:34:39 UTC] Invalid url passed to get_utm_ready_link function
[14-Mar-2026 02:34:39 UTC] Invalid url passed to get_utm_ready_link function
[14-Mar-2026 02:34:39 UTC] Invalid url passed to get_utm_ready_link function
[14-Mar-2026 02:34:39 UTC] Invalid url passed to get_utm_ready_link function
[14-Mar-2026 02:34:39 UTC] Invalid url passed to get_utm_ready_link function
[14-Mar-2026 02:34:39 UTC] Invalid url passed to get_utm_ready_link function
[14-Mar-2026 02:34:39 UTC] PHP Fatal error:  Out of memory (allocated 48234496 bytes) (tried to allocate 1339392 bytes) in /workspaces/ux308-assignment2/.wordpress/wp-content/themes/astra/assets/svg/svgs.json on line 1
[14-Mar-2026 02:34:40 UTC] PHP Fatal error:  Out of memory (allocated 48234496 bytes) (tried to allocate 1339392 bytes) in /workspaces/ux308-assignment2/.wordpress/wp-content/themes/astra/assets/svg/svgs.json on line 1
[14-Mar-2026 02:34:46 UTC] Invalid url passed to get_utm_ready_link function
[14-Mar-2026 02:34:46 UTC] Invalid url passed to get_utm_ready_link function
[14-Mar-2026 02:34:46 UTC] Invalid url passed to get_utm_ready_link function
[14-Mar-2026 02:34:46 UTC] Invalid url passed to get_utm_ready_link function
[14-Mar-2026 02:34:46 UTC] Invalid url passed to get_utm_ready_link function
[14-Mar-2026 02:34:46 UTC] Invalid url passed to get_utm_ready_link function
[14-Mar-2026 02:34:46 UTC] Invalid url passed to get_utm_ready_link function
[14-Mar-2026 02:34:46 UTC] Invalid url passed to get_utm_ready_link function
[14-Mar-2026 02:34:46 UTC] PHP Fatal error:  Out of memory (allocated 48234496 bytes) (tried to allocate 1339392 bytes) in /workspaces/ux308-assignment2/.wordpress/wp-content/themes/astra/assets/svg/svgs.json on line 1
[14-Mar-2026 02:34:48 UTC] PHP Fatal error:  Out of memory (allocated 48234496 bytes) (tried to allocate 1339392 bytes) in /workspaces/ux308-assignment2/.wordpress/wp-content/themes/astra/assets/svg/svgs.json on line 1
[14-Mar-2026 02:34:55 UTC] PHP Fatal error:  Out of memory (allocated 46137344 bytes) (tried to allocate 1339392 bytes) in /workspaces/ux308-assignment2/.wordpress/wp-content/themes/astra/assets/svg/svgs.json on line 1
[14-Mar-2026 02:35:01 UTC] PHP Fatal error:  Out of memory (allocated 46137344 bytes) (tried to allocate 1339392 bytes) in /workspaces/ux308-assignment2/.wordpress/wp-content/themes/astra/assets/svg/svgs.json on line 1
[14-Mar-2026 02:35:02 UTC] PHP Fatal error:  Out of memory (allocated 46137344 bytes) (tried to allocate 4096 bytes) in /workspaces/ux308-assignment2/.wordpress/wp-includes/class-wp-theme-json.php on line 1045
[14-Mar-2026 02:35:02 UTC] PHP Fatal error:  Out of memory (allocated 46137344 bytes) (tried to allocate 8192 bytes) in /workspaces/ux308-assignment2/.wordpress/wp-includes/functions.php on line 655
[14-Mar-2026 02:35:21 UTC] PHP Fatal error:  Out of memory (allocated 46137344 bytes) (tried to allocate 1339392 bytes) in /workspaces/ux308-assignment2/.wordpress/wp-content/themes/astra/assets/svg/svgs.json on line 1
[14-Mar-2026 02:38:16 UTC] PHP Fatal error:  Out of memory (allocated 46137344 bytes) (tried to allocate 20480 bytes) in /workspaces/ux308-assignment2/.wordpress/wp-includes/class-wp-theme-json.php on line 1127
[14-Mar-2026 02:38:17 UTC] PHP Fatal error:  Out of memory (allocated 46137344 bytes) (tried to allocate 4096 bytes) in /workspaces/ux308-assignment2/.wordpress/wp-includes/class-wp-theme-json.php on line 1019
[14-Mar-2026 02:38:17 UTC] PHP Fatal error:  Out of memory (allocated 46137344 bytes) (tried to allocate 12288 bytes) in /workspaces/ux308-assignment2/.wordpress/wp-includes/functions.php on line 6910
[14-Mar-2026 02:38:19 UTC] PHP Fatal error:  Out of memory (allocated 46137344 bytes) (tried to allocate 12288 bytes) in /workspaces/ux308-assignment2/.wordpress/wp-admin/includes/ajax-actions.php on line 1031
[14-Mar-2026 02:38:19 UTC] PHP Fatal error:  Out of memory (allocated 46137344 bytes) (tried to allocate 12288 bytes) in /workspaces/ux308-assignment2/.wordpress/wp-includes/functions.php on line 6910
[14-Mar-2026 02:38:23 UTC] PHP Fatal error:  Out of memory (allocated 46137344 bytes) (tried to allocate 4096 bytes) in /workspaces/ux308-assignment2/.wordpress/wp-includes/class-wp-theme-json.php on line 1019
[14-Mar-2026 02:38:23 UTC] PHP Fatal error:  Out of memory (allocated 46137344 bytes) (tried to allocate 12288 bytes) in /workspaces/ux308-assignment2/.wordpress/wp-includes/functions.php on line 6910
[14-Mar-2026 02:38:29 UTC] PHP Fatal error:  Out of memory (allocated 46137344 bytes) (tried to allocate 8192 bytes) in /workspaces/ux308-assignment2/.wordpress/wp-admin/includes/ajax-actions.php on line 388
[14-Mar-2026 02:38:29 UTC] PHP Fatal error:  Out of memory (allocated 46137344 bytes) (tried to allocate 65536 bytes) in Unknown on line 0
[14-Mar-2026 02:48:04 UTC] Invalid url passed to get_utm_ready_link function
[14-Mar-2026 02:48:38 UTC] Invalid url passed to get_utm_ready_link function
[14-Mar-2026 02:48:38 UTC] Invalid url passed to get_utm_ready_link function
[14-Mar-2026 02:48:38 UTC] Invalid url passed to get_utm_ready_link function
[14-Mar-2026 02:48:38 UTC] Invalid url passed to get_utm_ready_link function
[14-Mar-2026 02:48:38 UTC] Invalid url passed to get_utm_ready_link function
[14-Mar-2026 02:48:38 UTC] Invalid url passed to get_utm_ready_link function
[14-Mar-2026 02:48:38 UTC] Invalid url passed to get_utm_ready_link function
[14-Mar-2026 02:48:38 UTC] Invalid url passed to get_utm_ready_link function
[14-Mar-2026 02:48:38 UTC] Invalid url passed to get_utm_ready_link function
[14-Mar-2026 02:48:38 UTC] Invalid url passed to get_utm_ready_link function
[14-Mar-2026 02:48:38 UTC] Invalid url passed to get_utm_ready_link function
[14-Mar-2026 02:48:38 UTC] Invalid url passed to get_utm_ready_link function
[14-Mar-2026 02:48:38 UTC] Invalid url passed to get_utm_ready_link function
[14-Mar-2026 02:48:38 UTC] Invalid url passed to get_utm_ready_link function
[14-Mar-2026 02:48:38 UTC] Invalid url passed to get_utm_ready_link function
[14-Mar-2026 02:48:38 UTC] Invalid url passed to get_utm_ready_link function
[14-Mar-2026 02:48:38 UTC] Invalid url passed to get_utm_ready_link function
[14-Mar-2026 02:48:38 UTC] Invalid url passed to get_utm_ready_link function
[14-Mar-2026 02:48:38 UTC] Invalid url passed to get_utm_ready_link function
[14-Mar-2026 02:48:38 UTC] Invalid url passed to get_utm_ready_link function
[14-Mar-2026 02:53:33 UTC] Invalid url passed to get_utm_ready_link function
[14-Mar-2026 02:54:09 UTC] Invalid url passed to get_utm_ready_link function
[14-Mar-2026 02:54:14 UTC] Invalid url passed to get_utm_ready_link function
[14-Mar-2026 02:56:07 UTC] Invalid url passed to get_utm_ready_link function
[14-Mar-2026 02:56:25 UTC] Invalid url passed to get_utm_ready_link function
[14-Mar-2026 02:56:58 UTC] Invalid url passed to get_utm_ready_link function
[14-Mar-2026 02:57:07 UTC] Invalid url passed to get_utm_ready_link function
[14-Mar-2026 02:57:58 UTC] Invalid url passed to get_utm_ready_link function
[14-Mar-2026 02:58:16 UTC] Invalid url passed to get_utm_ready_link function
[14-Mar-2026 02:58:34 UTC] Invalid url passed to get_utm_ready_link function
[14-Mar-2026 03:01:39 UTC] Invalid url passed to get_utm_ready_link function
[14-Mar-2026 03:02:05 UTC] Invalid url passed to get_utm_ready_link function
[14-Mar-2026 03:02:40 UTC] Invalid url passed to get_utm_ready_link function
[14-Mar-2026 03:03:40 UTC] Invalid url passed to get_utm_ready_link function
[14-Mar-2026 03:03:51 UTC] Invalid url passed to get_utm_ready_link function
[14-Mar-2026 03:03:51 UTC] Invalid url passed to get_utm_ready_link function
[14-Mar-2026 03:03:51 UTC] Invalid url passed to get_utm_ready_link function
[14-Mar-2026 03:03:51 UTC] Invalid url passed to get_utm_ready_link function
[14-Mar-2026 03:03:51 UTC] Invalid url passed to get_utm_ready_link function
[14-Mar-2026 03:03:51 UTC] Invalid url passed to get_utm_ready_link function
[14-Mar-2026 03:03:51 UTC] Invalid url passed to get_utm_ready_link function
[14-Mar-2026 03:03:51 UTC] Invalid url passed to get_utm_ready_link function
[14-Mar-2026 03:03:51 UTC] Invalid url passed to get_utm_ready_link function
[14-Mar-2026 03:03:51 UTC] Invalid url passed to get_utm_ready_link function
[14-Mar-2026 03:03:51 UTC] Invalid url passed to get_utm_ready_link function
[14-Mar-2026 03:03:51 UTC] Invalid url passed to get_utm_ready_link function
[14-Mar-2026 03:03:51 UTC] Invalid url passed to get_utm_ready_link function
[14-Mar-2026 03:03:51 UTC] Invalid url passed to get_utm_ready_link function
[14-Mar-2026 03:03:51 UTC] Invalid url passed to get_utm_ready_link function
[14-Mar-2026 03:03:51 UTC] Invalid url passed to get_utm_ready_link function
[14-Mar-2026 03:03:51 UTC] Invalid url passed to get_utm_ready_link function
[14-Mar-2026 03:03:51 UTC] Invalid url passed to get_utm_ready_link function
[14-Mar-2026 03:03:51 UTC] Invalid url passed to get_utm_ready_link function
[14-Mar-2026 03:03:51 UTC] Invalid url passed to get_utm_ready_link function
[14-Mar-2026 03:04:03 UTC] Invalid url passed to get_utm_ready_link function
[14-Mar-2026 03:04:03 UTC] Invalid url passed to get_utm_ready_link function
[14-Mar-2026 03:04:03 UTC] Invalid url passed to get_utm_ready_link function
[14-Mar-2026 03:04:03 UTC] Invalid url passed to get_utm_ready_link function
[14-Mar-2026 03:04:03 UTC] Invalid url passed to get_utm_ready_link function
[14-Mar-2026 03:04:03 UTC] Invalid url passed to get_utm_ready_link function
[14-Mar-2026 03:04:03 UTC] Invalid url passed to get_utm_ready_link function
[14-Mar-2026 03:04:03 UTC] Invalid url passed to get_utm_ready_link function
[14-Mar-2026 03:04:03 UTC] Invalid url passed to get_utm_ready_link function
[14-Mar-2026 03:04:03 UTC] Invalid url passed to get_utm_ready_link function
